TN:
SF:c:\wamp\www\Andela\server/index.js
FN:19,(anonymous_1)
FN:28,(anonymous_2)
FN:37,(anonymous_3)
FNF:3
FNH:1
FNDA:0,(anonymous_1)
FNDA:0,(anonymous_2)
FNDA:1,(anonymous_3)
DA:1,1
DA:2,1
DA:3,1
DA:4,1
DA:5,1
DA:9,1
DA:10,1
DA:11,1
DA:12,1
DA:14,1
DA:15,1
DA:16,1
DA:19,1
DA:28,1
DA:36,1
DA:37,1
DA:39,1
DA:41,1
LF:18
LH:18
BRDA:36,0,0,1
BRDA:36,0,1,1
BRF:2
BRH:2
end_of_record
TN:
SF:c:\wamp\www\Andela\server\controllers/meal.controller.js
FN:3,getMeals
FNF:1
FNH:1
FNDA:2,getMeals
DA:1,1
DA:3,1
DA:5,1
DA:6,1
DA:22,1
DA:23,1
DA:24,1
DA:25,1
DA:34,0
DA:35,0
DA:36,0
DA:44,0
DA:45,0
DA:46,0
DA:55,1
LF:15
LH:9
BRF:0
BRH:0
end_of_record
TN:
SF:c:\wamp\www\Andela\server\controllers/menu.controller.js
FN:3,getMenu
FNF:1
FNH:0
FNDA:0,getMenu
DA:1,1
DA:3,1
DA:5,0
DA:10,0
DA:11,0
DA:19,0
DA:20,0
DA:21,0
DA:30,1
LF:9
LH:3
BRF:0
BRH:0
end_of_record
TN:
SF:c:\wamp\www\Andela\server\controllers/order.controller.js
FN:3,addOrder
FNF:1
FNH:0
FNDA:0,addOrder
DA:1,1
DA:3,1
DA:5,0
DA:6,0
DA:7,0
DA:15,0
DA:16,0
DA:24,0
DA:25,0
DA:26,0
DA:27,0
DA:33,0
DA:34,0
DA:35,0
DA:42,1
LF:15
LH:3
BRF:0
BRH:0
end_of_record
TN:
SF:c:\wamp\www\Andela\server\data/mealDummyData.js
FNF:0
FNH:0
DA:1,1
LF:1
LH:1
BRF:0
BRH:0
end_of_record
TN:
SF:c:\wamp\www\Andela\server\data/menuDummyData.js
FNF:0
FNH:0
DA:1,1
LF:1
LH:1
BRF:0
BRH:0
end_of_record
TN:
SF:c:\wamp\www\Andela\server\data/orderDummyData.js
FNF:0
FNH:0
DA:1,1
LF:1
LH:1
BRF:0
BRH:0
end_of_record
TN:
SF:c:\wamp\www\Andela\server\models/meal.model.js
FN:2,Meal
FNF:1
FNH:1
FNDA:3,Meal
DA:2,3
DA:3,3
DA:4,3
DA:5,3
DA:6,3
DA:10,1
LF:6
LH:6
BRF:0
BRH:0
end_of_record
TN:
SF:c:\wamp\www\Andela\server\models/menu.model.js
FN:2,Menu
FNF:1
FNH:0
FNDA:0,Menu
DA:2,1
DA:3,0
DA:4,0
DA:5,0
DA:6,0
DA:10,1
LF:6
LH:2
BRF:0
BRH:0
end_of_record
TN:
SF:c:\wamp\www\Andela\server\models/order.model.js
FN:8,Orders
FNF:1
FNH:0
FNDA:0,Orders
DA:3,1
DA:4,1
DA:5,1
DA:8,0
DA:9,0
DA:10,0
DA:11,0
DA:12,0
DA:13,0
DA:14,0
DA:18,0
DA:19,0
DA:23,1
LF:13
LH:4
BRF:0
BRH:0
end_of_record
TN:
SF:c:\wamp\www\Andela\server\routes/meal.route.js
FNF:0
FNH:0
DA:2,1
DA:3,1
DA:5,1
DA:7,1
DA:9,1
DA:11,1
DA:13,1
DA:14,1
LF:8
LH:8
BRF:0
BRH:0
end_of_record
TN:
SF:c:\wamp\www\Andela\server\routes/menu.route.js
FNF:0
FNH:0
DA:1,1
DA:3,1
DA:5,1
DA:8,1
DA:10,1
DA:12,1
DA:13,1
LF:7
LH:7
BRF:0
BRH:0
end_of_record
TN:
SF:c:\wamp\www\Andela\server\routes/order.route.js
FNF:0
FNH:0
DA:1,1
DA:2,1
DA:4,1
DA:6,1
DA:8,1
DA:10,1
DA:12,1
DA:13,1
LF:8
LH:8
BRF:0
BRH:0
end_of_record
TN:
SF:c:\wamp\www\Andela\server\services/meal.service.js
FN:6,getMeals
FN:8,(anonymous_2)
FN:28,(anonymous_5)
FN:32,(anonymous_7)
FNF:4
FNH:2
FNDA:2,getMeals
FNDA:3,(anonymous_2)
FNDA:0,(anonymous_5)
FNDA:0,(anonymous_7)
DA:1,1
DA:2,1
DA:4,1
DA:6,1
DA:8,1
DA:9,3
DA:10,3
DA:11,3
DA:12,3
DA:13,3
DA:14,3
DA:16,1
DA:19,1
DA:20,1
DA:21,1
DA:22,1
DA:23,1
DA:24,1
DA:25,1
DA:28,0
DA:29,0
DA:32,0
DA:33,0
DA:34,0
DA:35,0
DA:38,1
LF:26
LH:20
BRDA:29,0,0,0
BRDA:29,0,1,0
BRF:2
BRH:0
end_of_record
TN:
SF:c:\wamp\www\Andela\server\services/menu.service.js
FN:5,getMenus
FN:7,(anonymous_2)
FNF:2
FNH:0
FNDA:0,getMenus
FNDA:0,(anonymous_2)
DA:1,1
DA:2,1
DA:4,1
DA:5,1
DA:7,0
DA:8,0
DA:9,0
DA:10,0
DA:11,0
DA:12,0
DA:13,0
DA:15,0
DA:18,0
DA:19,0
DA:20,0
DA:21,0
DA:22,0
DA:23,0
DA:24,0
DA:27,1
LF:20
LH:5
BRF:0
BRH:0
end_of_record
TN:
SF:c:\wamp\www\Andela\server\services/order.service.js
FN:6,getOrders
FN:24,(anonymous_4)
FN:40,(anonymous_6)
FNF:3
FNH:0
FNDA:0,getOrders
FNDA:0,(anonymous_4)
FNDA:0,(anonymous_6)
DA:1,1
DA:2,1
DA:4,1
DA:6,1
DA:8,0
DA:12,0
DA:13,0
DA:14,0
DA:15,0
DA:16,0
DA:17,0
DA:18,0
DA:19,0
DA:20,0
DA:21,0
DA:24,0
DA:25,0
DA:26,0
DA:27,0
DA:29,0
DA:30,0
DA:31,0
DA:32,0
DA:34,0
DA:36,0
DA:37,0
DA:40,0
DA:41,0
DA:42,0
DA:44,0
DA:45,0
DA:46,0
DA:49,1
LF:33
LH:5
BRDA:26,0,0,0
BRDA:26,0,1,0
BRDA:31,1,0,0
BRDA:31,1,1,0
BRDA:41,2,0,0
BRDA:41,2,1,0
BRF:6
BRH:0
end_of_record
